<?xml version="1.0" encoding="UTF-8"?>
<!-- Generated by org.testng.reporters.JUnitXMLReporter -->
<testsuite ignored="0" hostname="DESKTOP-SVPG2HV" failures="0" tests="7" name="Default test" time="522.08" errors="0" timestamp="2023-08-05T11:02:52 IST">
  <testcase classname="org.cart.Cart" name="tc1001" time="32.034"/>
  <testcase classname="org.cart.Cart" name="tc1002" time="22.19"/>
  <testcase classname="org.cart.Cart" name="tc1003" time="87.007"/>
  <testcase classname="org.cart.Cart" name="tc1004" time="80.23"/>
  <testcase classname="org.cart.Cart" name="tc1005" time="73.499"/>
  <testcase classname="org.cart.Cart" name="tc1006" time="73.844"/>
  <testcase classname="org.cart.Cart" name="tc1009" time="79.929"/>
</testsuite> <!-- Default test -->
